<?xml version="1.0" encoding="UTF-8"?>
<!-- Generated by org.testng.reporters.JUnitXMLReporter -->
<testsuite hostname="DESKTOP-ANFB91A" ignored="0" name="Default test" tests="3" failures="0" timestamp="16 Nov 2019 20:30:59 GMT" time="31.784" errors="0">
  <testcase name="loginPageTitleTest" time="0.036" classname="com.crm.qa.testcases.LoginPageTest"/>
  <testcase name="crmLogoImageTest" time="0.064" classname="com.crm.qa.testcases.LoginPageTest"/>
  <testcase name="loginTest" time="3.727" classname="com.crm.qa.testcases.LoginPageTest"/>
</testsuite> <!-- Default test -->
